<?xml version="1.0" encoding="UTF-8" ?>
<testsuite errors="0" failures="0" hostname="Igor-PC" name="com.goit.generics.SerialExecutorTest" skipped="0" tests="3" time="0.221" timestamp="2016-07-18T19:55:55">
  <properties>
[...]
</properties>
  <testcase classname="com.goit.generics.SerialExecutorTest" name="testExecutor" time="0.063" />
  <testcase classname="com.goit.generics.SerialExecutorTest" name="testExecuteWithoutValidator" time="0.0" />
  <testcase classname="com.goit.generics.SerialExecutorTest" name="testExecuteWithValidator" time="0.001" />
  <system-out><![CDATA[]]></system-out>
  <system-err><![CDATA[]]></system-err>
</testsuite>
